2025-02-16 16:34:35,612 - pyfame - INFO - pyfame.py:3871 - get_optical_flow - Now entering function get_optical_flow().
2025-02-16 16:34:35,612 - pyfame - INFO - pyfame.py:3879 - get_optical_flow - Input parameters: optical_flow_type = SPARSE_OPTICAL_FLOW, landmarks_to_track = None, max_corners = 20, corner_quality_lvl = 0.3, min_corner_distance = 7, block_size = 7, win_size = (15, 15)
2025-02-16 16:34:35,612 - pyfame - INFO - pyfame.py:3881 - get_optical_flow - Input parameters continued... max_pyr_level = 2, pyr_scale = 0.5, max_lk_iter = 10, lk_accuracy_thresh = 0.03, poly_sigma = 1.5, point_color = (125, 0, 255), point_radius = 5, vector_color = None, with_sub_dirs = False.
2025-02-16 16:34:35,612 - pyfame - INFO - pyfame.py:3883 - get_optical_flow - Mediapipe configurations: min_detection_confidence = 0.5, min_tracking_confidence = 0.5.
2025-02-16 16:34:35,644 - pyfame - INFO - pyfame.py:4072 - get_optical_flow - Function read in 1 files from input directory C:\Users\gavin\Desktop\PyFAME\Video_Song_Actors_01-24\Video_Song_Actor_08\Actor_08\01-02-05-01-02-01-08.mp4.
2025-02-16 16:34:35,645 - pyfame - INFO - pyfame.py:4078 - get_optical_flow - Function created new output directory C:\Users\gavin\Desktop\PyFAME\images\Optical_Flow.
2025-02-16 16:36:01,418 - pyfame - INFO - pyfame.py:3871 - get_optical_flow - Now entering function get_optical_flow().
2025-02-16 16:36:01,418 - pyfame - INFO - pyfame.py:3879 - get_optical_flow - Input parameters: optical_flow_type = SPARSE_OPTICAL_FLOW, landmarks_to_track = None, max_corners = 20, corner_quality_lvl = 0.3, min_corner_distance = 7, block_size = 7, win_size = (15, 15)
2025-02-16 16:36:01,418 - pyfame - INFO - pyfame.py:3881 - get_optical_flow - Input parameters continued... max_pyr_level = 2, pyr_scale = 0.5, max_lk_iter = 10, lk_accuracy_thresh = 0.03, poly_sigma = 1.5, point_color = (125, 0, 255), point_radius = 5, vector_color = None, with_sub_dirs = False.
2025-02-16 16:36:01,418 - pyfame - INFO - pyfame.py:3883 - get_optical_flow - Mediapipe configurations: min_detection_confidence = 0.5, min_tracking_confidence = 0.5.
2025-02-16 16:36:01,448 - pyfame - INFO - pyfame.py:4072 - get_optical_flow - Function read in 1 files from input directory C:\Users\gavin\Desktop\PyFAME\Video_Song_Actors_01-24\Video_Song_Actor_08\Actor_08\01-02-05-01-02-01-08.mp4.
2025-02-16 16:36:05,412 - pyfame - INFO - pyfame.py:4277 - get_optical_flow - Function execution completed successfully, view outputted file(s) at C:\Users\gavin\Desktop\PyFAME\images\Optical_Flow\01-02-05-01-02-01-08_optical_flow.mp4.
2025-02-17 17:40:23,434 - pyfame - INFO - pyfame.py:4396 - extract_face_color_means - Now entering function extract_face_color_means().
2025-02-17 17:40:23,435 - pyfame - INFO - pyfame.py:4402 - extract_face_color_means - Input parameters: color_space: COLOR_SPACE_HSV, with_sub_dirs = False.
2025-02-17 17:40:23,436 - pyfame - INFO - pyfame.py:4404 - extract_face_color_means - Mediapipe configurations: min_detection_confidence = 0.5, min_tracking_confidence = 0.5.
2025-02-17 17:40:23,462 - pyfame - INFO - pyfame.py:4421 - extract_face_color_means - Function read in 1 files from input directory C:\Users\gavin\Desktop\PyFAME\images\Actor_08.png.
2025-02-17 17:40:23,619 - pyfame - INFO - pyfame.py:4741 - extract_face_color_means - Function execution completed successfully, view outputted file(s) at C:\Users\gavin\Desktop\PyFAME\images\Color_Channel_Means\Actor_08_HSV.csv.
2025-03-01 15:27:39,968 - pyfame - INFO - pyfame.py:4905 - shuffle_frame_order - Now entering function shuffle_frame_order().
2025-03-01 15:27:39,969 - pyfame - INFO - pyfame.py:4976 - shuffle_frame_order - Input Parameters: shuffle_method = FRAME_SHUFFLE_RANDOM, rand_seed = None, block_order = None, block_duration = 100, drop_last_block = True, with_sub_dirs = False.
2025-03-01 15:27:39,971 - pyfame - INFO - pyfame.py:4991 - shuffle_frame_order - Function has read in 1 files from input directory C:\Users\gavin\Desktop\PyFAME\Video_Speech_Actors_01-24\Video_Speech_Actor_08\Actor_08\01-01-04-02-01-01-08.mp4.
2025-03-01 15:27:40,162 - pyfame - INFO - pyfame.py:4785 - generate_shuffled_block_array - Now entering function generate_shuffled_block_array().
2025-03-01 15:27:40,168 - pyfame - INFO - pyfame.py:4820 - generate_shuffled_block_array - Input Parameters: file_path = C:\Users\gavin\Desktop\PyFAME\Video_Speech_Actors_01-24\Video_Speech_Actor_08\Actor_08\01-01-04-02-01-01-08.mp4, shuffle_method = FRAME_SHUFFLE_RANDOM, rand_seed = None, block_duration = 100.
2025-03-01 15:27:40,225 - pyfame - INFO - pyfame.py:4861 - generate_shuffled_block_array - Function execution completed, returning ([10, 0, 36, 28, 23, 8, 25, 18, 13, 11, 14, 30, 16, 15, 34, 7, 27, 3, 9, 2, 6, 37, 20, 4, 19, 29, 5, 1, 26, 35, 12, 32, 17, 33, 24, 22, 31, 21], 2).
2025-03-01 15:27:41,394 - pyfame - INFO - pyfame.py:5238 - shuffle_frame_order - Function execution completed successfully, view outputted file(s) at C:\Users\gavin\Desktop\PyFAME\images\Frame_Shuffle01-01-04-02-01-01-08_frame_shuffled.mp4.
2025-03-02 14:34:19,023 - pyfame - INFO - pyfame.py:5298 - face_color_shift - Now entering function face_color_shift().
2025-03-02 14:34:19,023 - pyfame - WARNING - pyfame.py:5424 - face_color_shift - Function encountered a ValueError for input parameter landmark_regions. Message: landmark_regions must either be a list[list[tuple]] or list[tuple].
2025-03-02 14:36:13,822 - pyfame - INFO - pyfame.py:5298 - face_color_shift - Now entering function face_color_shift().
2025-03-02 14:37:02,261 - pyfame - WARNING - pyfame.py:5424 - face_color_shift - Function encountered a ValueError for input parameter landmark_regions. Message: landmark_regions must either be a list[list[tuple]] or list[tuple].
2025-03-02 14:37:51,885 - pyfame - INFO - pyfame.py:5298 - face_color_shift - Now entering function face_color_shift().
2025-03-02 14:37:51,885 - pyfame - INFO - pyfame.py:5466 - face_color_shift - Input parameters: onset_t = 0.0, offset_t = 0.0, shift_magnitude = 15.0, shift_color = red, landmark_regions = [LEFT_CHEEK_PATH, CHIN_PATH], with_sub_dirs = False.
2025-03-02 14:37:51,885 - pyfame - INFO - pyfame.py:5468 - face_color_shift - Mediapipe configurations: min_detection_confidence = 0.5, min_tracking_confidence = 0.5.
2025-03-02 14:37:51,885 - pyfame - INFO - pyfame.py:5482 - face_color_shift - Function read in 1 files from input directory C:\Users\gavin\Desktop\PyFAME\Video_Speech_Actors_01-24\Video_Speech_Actor_08\Actor_08\01-01-04-02-01-01-08.mp4.
2025-03-02 14:38:03,583 - pyfame - INFO - pyfame.py:5909 - face_color_shift - Function execution completed successfully, view outputted files at C:\Users\gavin\Desktop\PyFAME\images\Color_Shifted01-01-04-02-01-01-08_color_shifted.mp4.
2025-03-02 14:45:13,557 - pyfame - INFO - pyfame.py:5298 - face_color_shift - Now entering function face_color_shift().
2025-03-02 14:45:13,557 - pyfame - INFO - pyfame.py:5466 - face_color_shift - Input parameters: onset_t = 0.0, offset_t = 0.0, shift_magnitude = 25.0, shift_color = red, landmark_regions = [LEFT_CHEEK_PATH, CHIN_PATH], with_sub_dirs = False.
2025-03-02 14:45:13,557 - pyfame - INFO - pyfame.py:5468 - face_color_shift - Mediapipe configurations: min_detection_confidence = 0.5, min_tracking_confidence = 0.5.
2025-03-02 14:45:13,557 - pyfame - INFO - pyfame.py:5482 - face_color_shift - Function read in 1 files from input directory C:\Users\gavin\Desktop\PyFAME\Video_Speech_Actors_01-24\Video_Speech_Actor_08\Actor_08\01-01-04-02-01-01-08.mp4.
2025-03-02 14:45:25,067 - pyfame - INFO - pyfame.py:5909 - face_color_shift - Function execution completed successfully, view outputted files at C:\Users\gavin\Desktop\PyFAME\images\Color_Shifted\01-01-04-02-01-01-08_color_shifted.mp4.
2025-03-02 14:47:41,337 - pyfame - INFO - pyfame.py:5298 - face_color_shift - Now entering function face_color_shift().
2025-03-02 14:47:41,337 - pyfame - INFO - pyfame.py:5466 - face_color_shift - Input parameters: onset_t = 0.0, offset_t = 0.0, shift_magnitude = 25.0, shift_color = red, landmark_regions = [LEFT_CHEEK_PATH, CHIN_PATH], with_sub_dirs = False.
2025-03-02 14:47:41,354 - pyfame - INFO - pyfame.py:5468 - face_color_shift - Mediapipe configurations: min_detection_confidence = 0.5, min_tracking_confidence = 0.5.
2025-03-02 14:47:41,354 - pyfame - INFO - pyfame.py:5482 - face_color_shift - Function read in 1 files from input directory C:\Users\gavin\Desktop\PyFAME\Video_Speech_Actors_01-24\Video_Speech_Actor_08\Actor_08\01-01-04-02-01-01-08.mp4.
2025-03-02 14:47:54,369 - pyfame - INFO - pyfame.py:5909 - face_color_shift - Function execution completed successfully, view outputted files at C:\Users\gavin\Desktop\PyFAME\images\Color_Shifted\01-01-04-02-01-01-08_color_shifted.mp4.
